[0m17:07:03.003988 [debug] [MainThread]: Sending event: {'category': 'dbt', 'action': 'invocation', 'label': 'start', 'context': [<snowplow_tracker.self_describing_json.SelfDescribingJson object at 0x000002D94D1EE150>, <snowplow_tracker.self_describing_json.SelfDescribingJson object at 0x000002D94D1ECBD0>, <snowplow_tracker.self_describing_json.SelfDescribingJson object at 0x000002D94D1ECC90>]}


============================== 17:07:03.011524 | bdc1ec41-3853-4c62-a386-b44b0857b8f6 ==============================
[0m17:07:03.011524 [info ] [MainThread]: Running with dbt=1.11.11
[0m17:07:03.011524 [debug] [MainThread]: running dbt with arguments {'static_parser': 'True', 'no_print': 'None', 'version_check': 'True', 'target_path': 'None', 'warn_error_options': 'WarnErrorOptionsV2(error=[], warn=[], silence=[])', 'printer_width': '80', 'write_json': 'True', 'introspect': 'True', 'log_cache_events': 'False', 'empty': 'None', 'cache_selected_only': 'False', 'fail_fast': 'False', 'debug': 'False', 'log_format': 'default', 'profiles_dir': 'C:\\Users\\omoto\\.dbt', 'send_anonymous_usage_stats': 'True', 'quiet': 'False', 'warn_error': 'None', 'partial_parse': 'True', 'indirect_selection': 'eager', 'use_colors': 'True', 'invocation_command': 'dbt init dbt_modelling', 'use_experimental_parser': 'False', 'log_path': 'logs'}
[0m17:07:03.063916 [debug] [MainThread]: Starter project path: C:\Users\omoto\Desktop\Portfolio\dbt_modelling\venv\Lib\site-packages\dbt\include\starter_project
[0m17:07:03.171670 [info ] [MainThread]: 
Your new dbt project "dbt_modelling" was created!

For more information on how to configure the profiles.yml file,
please consult the dbt documentation here:

  https://docs.getdbt.com/docs/configure-your-profile

One more thing:

Need help? Don't hesitate to reach out to us via GitHub issues or on Slack:

  https://community.getdbt.com/

Happy modeling!

[0m17:07:03.173680 [info ] [MainThread]: Setting up your profile.
[0m17:07:07.938743 [debug] [MainThread]: Snowflake adapter: Setting snowflake.connector to ERROR (file logging only)
[0m17:07:07.938743 [debug] [MainThread]: Snowflake adapter: Setting botocore to ERROR (file logging only)
[0m17:07:07.938743 [debug] [MainThread]: Snowflake adapter: Setting boto3 to ERROR (file logging only)
[0m17:08:35.903466 [info ] [MainThread]: Profile dbt_modelling written to C:\Users\omoto\.dbt\profiles.yml using target's profile_template.yml and your supplied values. Run 'dbt debug' to validate the connection.
[0m17:08:35.909461 [debug] [MainThread]: Command `dbt init` succeeded at 17:08:35.909461 after 93.10 seconds
[0m17:08:35.911996 [debug] [MainThread]: Sending event: {'category': 'dbt', 'action': 'invocation', 'label': 'end', 'context': [<snowplow_tracker.self_describing_json.SelfDescribingJson object at 0x000002D94D1EC090>, <snowplow_tracker.self_describing_json.SelfDescribingJson object at 0x000002D94D1ECF10>, <snowplow_tracker.self_describing_json.SelfDescribingJson object at 0x000002D94C1716D0>]}
[0m17:08:35.914372 [debug] [MainThread]: Flushing usage events
[0m17:08:38.835696 [debug] [MainThread]: An error was encountered while trying to flush usage events
